[debug] [2022-08-07T16:03:55.512Z] ----------------------------------------------------------------------
[debug] [2022-08-07T16:03:55.515Z] Command:       F:\projects\node.exe C:\Users\Shoyeb Akter\AppData\Roaming\npm\node_modules\firebase-tools\lib\bin\firebase.js init
[debug] [2022-08-07T16:03:55.515Z] CLI Version:   10.6.0
[debug] [2022-08-07T16:03:55.515Z] Platform:      win32
[debug] [2022-08-07T16:03:55.515Z] Node Version:  v16.14.2
[debug] [2022-08-07T16:03:55.517Z] Time:          Sun Aug 07 2022 22:03:55 GMT+0600 (Bangladesh Standard Time)
[debug] [2022-08-07T16:03:55.517Z] ----------------------------------------------------------------------
[debug] 
[debug] [2022-08-07T16:03:55.539Z] >>> [apiv2][query] GET https://firebase-public.firebaseio.com/cli.json [none]
[debug] [2022-08-07T16:03:55.617Z] > command requires scopes: ["email","openid","https://www.googleapis.com/auth/cloudplatformprojects.readonly","https://www.googleapis.com/auth/firebase","https://www.googleapis.com/auth/cloud-platform"]
[debug] [2022-08-07T16:03:55.617Z] > authorizing via signed-in user (heroreal5385@gmail.com)
[info] 
     ######## #### ########  ######## ########     ###     ######  ########
     ##        ##  ##     ## ##       ##     ##  ##   ##  ##       ##
     ######    ##  ########  ######   ########  #########  ######  ######
     ##        ##  ##    ##  ##       ##     ## ##     ##       ## ##
     ##       #### ##     ## ######## ########  ##     ##  ######  ########

You're about to initialize a Firebase project in this directory:

  F:\react-project\jobtask\typescript-login

[debug] [2022-08-07T16:03:57.603Z] <<< [apiv2][status] GET https://firebase-public.firebaseio.com/cli.json 200
[debug] [2022-08-07T16:03:57.604Z] <<< [apiv2][body] GET https://firebase-public.firebaseio.com/cli.json {"cloudBuildErrorAfter":1594252800000,"cloudBuildWarnAfter":1590019200000,"defaultNode10After":1594252800000,"minVersion":"3.0.5","node8DeploysDisabledAfter":1613390400000,"node8RuntimeDisabledAfter":1615809600000,"node8WarnAfter":1600128000000}
